Logging started @ 2010-03-13 15:06
DLL Compiled: Jan 25 2010 14:43:57

Firmware: Energy Micro EFM32 compiled Nov 17 2009 17:38:20
Hardware: V7.00  returns O.K. (0190ms, 0001ms total)
T0134 000:214 JLINKARM_GetDLLVersion()  returns 41009 (0000ms, 0191ms total)
T0134 000:214 JLINKARM_GetCompileDateTime() (0000ms, 0191ms total)
T0134 000:214 JLINKARM_GetFirmwareString(...) (0000ms, 0191ms total)
T0134 000:215 JLINKARM_TIF_Select(JLINKARM_TIF_SWD)  returns 0x00 (0000ms, 0191ms total)
T0134 000:215 JLINKARM_SelectDeviceFamily(3) (0000ms, 0191ms total)
T0134 000:215 JLINKARM_SetSpeed(32) (0001ms, 0191ms total)
T0134 000:216 JLINKARM_SetResetDelay(0) (0000ms, 0192ms total)
T0134 000:216 JLINKARM_ResetPullsRESET(ON) (0000ms, 0192ms total)
T0134 000:216 JLINKARM_Reset() >0x108 TIF>Found SWD-DP with ID 0x2BA01477 >0x33 TIF> >0x33 TIF> >0x35 TIF> >0x33 TIF> >0x33 TIF> >0x35 TIF> >0x66 TIF> >0x66 TIF> >0x35 TIF> >0x16D TIF> >0xD0 TIF> >0x16D TIF> >0xD0 TIF>TPIU fitted. >0xD0 TIF> >0xD0 TIF>  FPUnit: 6 code (BP) slots and 2 literal slots >0xD0 TIF> (0438ms, 0192ms total)
T0134 000:654 JLINKARM_Halt()  returns 0x00 (0012ms, 0630ms total)
T0134 000:669 JLINKARM_IsHalted()  returns TRUE (0013ms, 0643ms total)
T0134 000:682 JLINKARM_ReadMemU32(0xE000ED00, 0x0001 Items, ...) -- CPU_ReadMem(4 bytes @ 0xE000ED00) -- Data:  30 C2 2F 41  returns 0x01 (0014ms, 0643ms total)
T0134 000:696 JLINKARM_GetEmuCaps()  returns 0x8AEA5833 (0000ms, 0657ms total)
T0134 000:696 JLINKARM_GetEmuCaps()  returns 0x8AEA5833 (0000ms, 0657ms total)
T0134 000:700 JLINKARM_SWO_Control(JLINKARM_SWO_CMD_GET_SPEED_INFO, ...)  returns 0x00 (0003ms, 0657ms total)
T0134 000:739 JLINKARM_GetSpeed()  returns 0x20 (0000ms, 0660ms total)
T0134 000:739 JLINKARM_SetMaxSpeed() (0001ms, 0660ms total)
T0134 000:767 JLINKARM_BeginDownload(Flags = 0x03) (0000ms, 0661ms total)
T0134 000:879 JLINKARM_WriteMem(0x20000000, 0x0008 Bytes, ...) -- Data:  00 20 00 20 55 02 00 20 -- CPU_WriteMem(8 bytes @ 0x20000000)  returns 0x08 (0001ms, 0661ms total)
T0134 000:880 JLINKARM_WriteMem(0x20000080, 0x0280 Bytes, ...) -- Data:  D9 02 00 20 04 00 00 00 7C 1E 00 20 00 00 00 00 ... -- CPU_WriteMem(640 bytes @ 0x20000080)  returns 0x280 (0009ms, 0662ms total)
T0134 000:893 JLINKARM_EndDownload() (0000ms, 0671ms total)
T0134 001:251 JLINKARM_ReadMemU32(0x20000000, 0x0001 Items, ...) -- CPU_ReadMem(4 bytes @ 0x20000000) -- Data:  00 20 00 20  returns 0x01 (0002ms, 0671ms total)
T0134 001:253 JLINKARM_ReadMemU32(0x20000004, 0x0001 Items, ...) -- CPU_ReadMem(4 bytes @ 0x20000004) -- Data:  55 02 00 20  returns 0x01 (0002ms, 0673ms total)
T0134 001:255 JLINKARM_ReadReg(R15)  returns 0x00001D08 (0000ms, 0675ms total)
T0134 001:255 JLINKARM_WriteReg(R15, 0x20000254)  returns 0x00 (0000ms, 0675ms total)
T0134 001:255 JLINKARM_ReadReg(MSP)  returns 0x20000400 (0000ms, 0675ms total)
T0134 001:255 JLINKARM_ReadReg(PSP)  returns 0x00000000 (0000ms, 0675ms total)
T0134 001:255 JLINKARM_ReadReg(CFBP)  returns 0x00000000 (0000ms, 0675ms total)
T0134 001:255 JLINKARM_WriteReg(MSP, 0x20002000)  returns 0x00 (0000ms, 0675ms total)
T0134 001:255 JLINKARM_ReadMemU32(0xE000EDFC, 0x0001 Items, ...) -- CPU_ReadMem(4 bytes @ 0xE000EDFC) -- Data:  00 00 00 00  returns 0x01 (0003ms, 0675ms total)
T0134 001:258 JLINKARM_WriteMem(0xE000EDFC, 0x0004 Bytes, ...) -- Data:  00 00 00 01 -- CPU_WriteMem(4 bytes @ 0xE000EDFC)  returns 0x04 (0001ms, 0678ms total)
T0134 001:260 JLINKARM_ReadReg(R15)  returns 0x20000254 (0000ms, 0679ms total)
T0134 001:260 JLINKARM_ReadMemU32(0x20001E10, 0x0005 Items, ...) -- CPU_ReadMem(20 bytes @ 0x20001E10) -- Data:  00 00 00 00 00 00 00 00 00 00 00 00 00 00 00 00 ...  returns 0x05 (0002ms, 0679ms total)
T0134 001:307 JLINKARM_ReadMemU16(0x20000250, 0x0001 Items, ...) -- CPU_ReadMem(2 bytes @ 0x20000250) -- Data:  FE E7  returns 0x01 (0002ms, 0681ms total)
T0134 001:309 JLINKARM_SetBPEx(Addr = 0x20000250, Type = 0xFFFFFFF2) -- CPU_ReadMem(4 bytes @ 0x20000250) -- CPU_WriteMem(4 bytes @ 0x20000250) -- CPU_ReadMem(4 bytes @ 0x20000250) -- CPU_WriteMem(4 bytes @ 0x20000250) -- CPU_ReadMem(2 bytes @ 0x20000250)  returns 0x00000001 (0009ms, 0683ms total)
T0134 001:318 JLINKARM_WriteVectorCatch(0x00000000) >0x35 TIF> >0xD0 TIF> >0x16D TIF>  returns 0x00 (0007ms, 0692ms total)
T0134 001:325 JLINKARM_BeginDownload(Flags = 0x01) (0000ms, 0699ms total)
T0134 001:325 JLINKARM_WriteMem(0x20001E24, 0x0004 Bytes, ...) -- Data:  00 00 00 00 -- CPU_WriteMem(2 bytes @ 0x20000250) -- CPU_WriteMem(4 bytes @ 0x20001E24)  returns 0x04 (0001ms, 0699ms total)
T0134 001:326 JLINKARM_EndDownload() (0000ms, 0700ms total)
T0134 001:326 JLINKARM_BeginDownload(Flags = 0x01) (0000ms, 0700ms total)
T0134 001:326 JLINKARM_WriteMem(0x20001E10, 0x0014 Bytes, ...) -- Data:  00 00 00 00 00 00 00 00 00 00 00 00 00 03 00 20 ... -- CPU_WriteMem(20 bytes @ 0x20001E10)  returns 0x14 (0001ms, 0700ms total)
T0134 001:327 JLINKARM_EndDownload() (0000ms, 0701ms total)
T0A20 001:328 JLINKARM_ReadReg(R15)  returns 0x20000254 (0000ms, 0701ms total)
T0A20 001:328 JLINKARM_ReadMemU16(0x20000254, 0x0001 Items, ...) -- CPU_ReadMem(2 bytes @ 0x20000254) -- Data:  FF F7  returns 0x01 (0003ms, 0701ms total)
T0A20 001:331 JLINKARM_WriteVectorCatch(0x00000000) >0x35 TIF> >0xD0 TIF> >0x16D TIF>  returns 0x00 (0007ms, 0704ms total)
T0A20 001:338 JLINKARM_ReadMemU32(0xE000EDFC, 0x0001 Items, ...) -- CPU_ReadMem(4 bytes @ 0xE000EDFC) -- Data:  00 00 00 01  returns 0x01 (0002ms, 0711ms total)
T0A20 001:340 JLINKARM_WriteMem(0xE000EDFC, 0x0004 Bytes, ...) -- Data:  00 00 00 01 -- CPU_WriteMem(4 bytes @ 0xE000EDFC)  returns 0x04 (0001ms, 0713ms total)
T0A20 001:341 JLINKARM_ReadMemU32(0xE0002000, 0x0001 Items, ...) -- CPU_ReadMem(4 bytes @ 0xE0002000) -- Data:  60 02 00 00  returns 0x01 (0002ms, 0714ms total)
T0A20 001:343 JLINKARM_ReadMemU32(0xE0002000, 0x0001 Items, ...) -- CPU_ReadMem(4 bytes @ 0xE0002000) -- Data:  60 02 00 00  returns 0x01 (0002ms, 0716ms total)
T0A20 001:345 JLINKARM_ReadMemU32(0xE0001000, 0x0001 Items, ...) -- CPU_ReadMem(4 bytes @ 0xE0001000) -- Data:  00 00 00 40  returns 0x01 (0002ms, 0718ms total)
T0A20 001:347 JLINKARM_ReadMemU32(0xE000EDFC, 0x0001 Items, ...) -- CPU_ReadMem(4 bytes @ 0xE000EDFC) -- Data:  00 00 00 01  returns 0x01 (0002ms, 0720ms total)
T0A20 001:349 JLINKARM_WriteMem(0xE000EDFC, 0x0004 Bytes, ...) -- Data:  00 00 00 01 -- CPU_WriteMem(4 bytes @ 0xE000EDFC)  returns 0x04 (0001ms, 0722ms total)
T0A20 001:350 JLINKARM_WriteMem(0xE0001028, 0x0004 Bytes, ...) -- Data:  00 00 00 00 -- CPU_WriteMem(4 bytes @ 0xE0001028)  returns 0x04 (0001ms, 0723ms total)
T0A20 001:351 JLINKARM_WriteMem(0xE0001038, 0x0004 Bytes, ...) -- Data:  00 00 00 00 -- CPU_WriteMem(4 bytes @ 0xE0001038)  returns 0x04 (0001ms, 0724ms total)
T0A20 001:352 JLINKARM_WriteMem(0xE0001048, 0x0004 Bytes, ...) -- Data:  00 00 00 00 -- CPU_WriteMem(4 bytes @ 0xE0001048)  returns 0x04 (0001ms, 0725ms total)
T0A20 001:353 JLINKARM_WriteMem(0xE0001058, 0x0004 Bytes, ...) -- Data:  00 00 00 00 -- CPU_WriteMem(4 bytes @ 0xE0001058)  returns 0x04 (0001ms, 0726ms total)
T0A20 001:354 JLINKARM_Go() -- CPU_WriteMem(4 bytes @ 0xE0002008) -- CPU_WriteMem(4 bytes @ 0xE000200C) -- CPU_WriteMem(4 bytes @ 0xE0002010) -- CPU_WriteMem(4 bytes @ 0xE0002014) -- CPU_WriteMem(4 bytes @ 0xE0002018) -- CPU_WriteMem(4 bytes @ 0xE000201C) (0010ms, 0727ms total)
T0A20 001:366 JLINKARM_IsHalted() -- CPU_ReadMem(2 bytes @ 0x20000250)  returns TRUE (0009ms, 0737ms total)
T0A20 001:375 JLINKARM_ReadMemU32(0xE000EDFC, 0x0001 Items, ...) -- CPU_ReadMem(4 bytes @ 0xE000EDFC) -- Data:  00 00 00 01  returns 0x01 (0002ms, 0737ms total)
T0A20 001:377 JLINKARM_WriteMem(0xE000EDFC, 0x0004 Bytes, ...) -- Data:  00 00 00 01 -- CPU_WriteMem(4 bytes @ 0xE000EDFC)  returns 0x04 (0001ms, 0739ms total)
T0A20 001:378 JLINKARM_WriteVectorCatch(0x00000000) >0x35 TIF> >0xD0 TIF> >0x16D TIF>  returns 0x00 (0006ms, 0740ms total)
T0A20 001:384 JLINKARM_WriteMem(0xE0001028, 0x0004 Bytes, ...) -- Data:  00 00 00 00 -- CPU_WriteMem(4 bytes @ 0xE0001028)  returns 0x04 (0001ms, 0746ms total)
T0A20 001:385 JLINKARM_WriteMem(0xE0001038, 0x0004 Bytes, ...) -- Data:  00 00 00 00 -- CPU_WriteMem(4 bytes @ 0xE0001038)  returns 0x04 (0001ms, 0747ms total)
T0A20 001:386 JLINKARM_WriteMem(0xE0001048, 0x0004 Bytes, ...) -- Data:  00 00 00 00 -- CPU_WriteMem(4 bytes @ 0xE0001048)  returns 0x04 (0001ms, 0748ms total)
T0A20 001:387 JLINKARM_WriteMem(0xE0001058, 0x0004 Bytes, ...) -- Data:  00 00 00 00 -- CPU_WriteMem(4 bytes @ 0xE0001058)  returns 0x04 (0001ms, 0749ms total)
T0A20 001:388 JLINKARM_ReadReg(R15)  returns 0x20000250 (0000ms, 0750ms total)
T0A20 001:388 JLINKARM_ReadMemU16(0x20000250, 0x0001 Items, ...) -- Merging existing BP[0]: 0xE7FE @ 0x20000250 -- Merging existing BP[0]: 0xE7FE @ 0x20000250 -- Data:  FE E7  returns 0x01 (0000ms, 0750ms total)
T0A20 001:388 JLINKARM_ReadMemU32(0x20001E10, 0x0005 Items, ...) -- CPU_ReadMem(20 bytes @ 0x20001E10) -- Data:  00 00 00 00 00 00 00 00 00 00 00 00 00 03 00 20 ...  returns 0x05 (0002ms, 0750ms total)
T0A20 001:391 JLINKARM_BeginDownload(Flags = 0x01) (0000ms, 0752ms total)
T0A20 001:391 JLINKARM_WriteMem(0x20000300, 0x0068 Bytes, ...) -- Data:  00 00 00 00 00 02 00 00 00 02 00 00 00 02 00 00 ... -- CPU_WriteMem(104 bytes @ 0x20000300)  returns 0x68 (0002ms, 0752ms total)
T0A20 001:393 JLINKARM_EndDownload() (0000ms, 0754ms total)
T0A20 001:394 JLINKARM_BeginDownload(Flags = 0x01) (0000ms, 0754ms total)
T0A20 001:394 JLINKARM_WriteMem(0x20001E10, 0x0014 Bytes, ...) -- Data:  00 00 00 00 0D 00 00 00 00 00 00 00 00 03 00 20 ... -- CPU_WriteMem(20 bytes @ 0x20001E10)  returns 0x14 (0001ms, 0754ms total)
T0A20 001:395 JLINKARM_EndDownload() (0000ms, 0755ms total)
T0A20 001:395 JLINKARM_WriteReg(R15, 0x20000264)  returns 0x00 (0000ms, 0755ms total)
T0A20 001:396 JLINKARM_ReadReg(R15)  returns 0x20000264 (0000ms, 0756ms total)
T0A20 001:396 JLINKARM_ReadMemU16(0x20000264, 0x0001 Items, ...) -- CPU_ReadMem(2 bytes @ 0x20000264) -- Data:  FF F7  returns 0x01 (0003ms, 0756ms total)
T0A20 001:399 JLINKARM_WriteVectorCatch(0x00000000) >0x35 TIF> >0xD0 TIF> >0x16D TIF>  returns 0x00 (0006ms, 0759ms total)
T0A20 001:405 JLINKARM_ReadMemU32(0xE000EDFC, 0x0001 Items, ...) -- CPU_ReadMem(4 bytes @ 0xE000EDFC) -- Data:  00 00 00 01  returns 0x01 (0002ms, 0765ms total)
T0A20 001:407 JLINKARM_WriteMem(0xE000EDFC, 0x0004 Bytes, ...) -- Data:  00 00 00 01 -- CPU_WriteMem(4 bytes @ 0xE000EDFC)  returns 0x04 (0001ms, 0767ms total)
T0A20 001:408 JLINKARM_WriteMem(0xE0001028, 0x0004 Bytes, ...) -- Data:  00 00 00 00 -- CPU_WriteMem(4 bytes @ 0xE0001028)  returns 0x04 (0001ms, 0768ms total)
T0A20 001:409 JLINKARM_WriteMem(0xE0001038, 0x0004 Bytes, ...) -- Data:  00 00 00 00 -- CPU_WriteMem(4 bytes @ 0xE0001038)  returns 0x04 (0000ms, 0769ms total)
T0A20 001:409 JLINKARM_WriteMem(0xE0001048, 0x0004 Bytes, ...) -- Data:  00 00 00 00 -- CPU_WriteMem(4 bytes @ 0xE0001048)  returns 0x04 (0001ms, 0769ms total)
T0A20 001:410 JLINKARM_WriteMem(0xE0001058, 0x0004 Bytes, ...) -- Data:  00 00 00 00 -- CPU_WriteMem(4 bytes @ 0xE0001058)  returns 0x04 (0001ms, 0770ms total)
T0A20 001:411 JLINKARM_Go() -- CPU_WriteMem(4 bytes @ 0xE0002008) -- CPU_WriteMem(4 bytes @ 0xE000200C) -- CPU_WriteMem(4 bytes @ 0xE0002010) -- CPU_WriteMem(4 bytes @ 0xE0002014) -- CPU_WriteMem(4 bytes @ 0xE0002018) -- CPU_WriteMem(4 bytes @ 0xE000201C) (0010ms, 0771ms total)
T0A20 001:423 JLINKARM_IsHalted()  returns FALSE (0000ms, 0781ms total)
T0A20 001:425 JLINKARM_IsHalted()  returns FALSE (0000ms, 0781ms total)
T0A20 001:427 JLINKARM_IsHalted()  returns FALSE (0000ms, 0781ms total)
T0A20 001:429 JLINKARM_IsHalted()  returns FALSE (0000ms, 0781ms total)
T0A20 001:431 JLINKARM_IsHalted()  returns FALSE (0000ms, 0781ms total)
T0A20 001:433 JLINKARM_IsHalted()  returns FALSE (0000ms, 0781ms total)
T0A20 001:435 JLINKARM_IsHalted()  returns FALSE (0000ms, 0781ms total)
T0A20 001:437 JLINKARM_IsHalted()  returns FALSE (0000ms, 0781ms total)
T0A20 001:439 JLINKARM_IsHalted()  returns FALSE (0000ms, 0781ms total)
T0A20 001:442 JLINKARM_IsHalted()  returns FALSE (0001ms, 0781ms total)
T0A20 001:445 JLINKARM_IsHalted()  returns FALSE (0001ms, 0781ms total)
T0A20 001:448 JLINKARM_IsHalted()  returns FALSE (0001ms, 0781ms total)
T0A20 001:450 JLINKARM_IsHalted()  returns FALSE (0001ms, 0781ms total)
T0A20 001:453 JLINKARM_IsHalted()  returns FALSE (0001ms, 0781ms total)
T0A20 001:456 JLINKARM_IsHalted()  returns FALSE (0001ms, 0781ms total)
T0A20 001:459 JLINKARM_IsHalted()  returns FALSE (0001ms, 0781ms total)
T0A20 001:462 JLINKARM_IsHalted()  returns FALSE (0001ms, 0781ms total)
T0A20 001:465 JLINKARM_IsHalted()  returns FALSE (0000ms, 0781ms total)
T0A20 001:467 JLINKARM_IsHalted()  returns FALSE (0000ms, 0781ms total)
T0A20 001:469 JLINKARM_IsHalted()  returns FALSE (0000ms, 0781ms total)
T0A20 001:471 JLINKARM_IsHalted()  returns FALSE (0000ms, 0781ms total)
T0A20 001:473 JLINKARM_IsHalted()  returns FALSE (0000ms, 0781ms total)
T0A20 001:475 JLINKARM_IsHalted()  returns FALSE (0000ms, 0781ms total)
T0A20 001:477 JLINKARM_IsHalted()  returns FALSE (0000ms, 0781ms total)
T0A20 001:479 JLINKARM_IsHalted()  returns FALSE (0000ms, 0781ms total)
T0A20 001:481 JLINKARM_IsHalted()  returns FALSE (0001ms, 0781ms total)
T0A20 001:484 JLINKARM_IsHalted()  returns FALSE (0001ms, 0781ms total)
T0A20 001:487 JLINKARM_IsHalted()  returns FALSE (0001ms, 0781ms total)
T0A20 001:490 JLINKARM_IsHalted()  returns FALSE (0001ms, 0781ms total)
T0A20 001:492 JLINKARM_IsHalted()  returns FALSE (0001ms, 0781ms total)
T0A20 001:495 JLINKARM_IsHalted()  returns FALSE (0001ms, 0781ms total)
T0A20 001:498 JLINKARM_IsHalted()  returns FALSE (0001ms, 0781ms total)
T0A20 001:501 JLINKARM_IsHalted()  returns FALSE (0001ms, 0781ms total)
T0A20 001:504 JLINKARM_IsHalted()  returns FALSE (0001ms, 0781ms total)
T0A20 001:507 JLINKARM_IsHalted()  returns FALSE (0000ms, 0781ms total)
T0A20 001:509 JLINKARM_IsHalted()  returns FALSE (0000ms, 0781ms total)
T0A20 001:511 JLINKARM_IsHalted()  returns FALSE (0000ms, 0781ms total)
T0A20 001:513 JLINKARM_IsHalted()  returns FALSE (0000ms, 0781ms total)
T0A20 001:515 JLINKARM_IsHalted()  returns FALSE (0000ms, 0781ms total)
T0A20 001:517 JLINKARM_IsHalted()  returns FALSE (0000ms, 0781ms total)
T0A20 001:519 JLINKARM_IsHalted()  returns FALSE (0000ms, 0781ms total)
T0A20 001:521 JLINKARM_IsHalted()  returns FALSE (0000ms, 0781ms total)
T0A20 001:523 JLINKARM_IsHalted()  returns FALSE (0001ms, 0781ms total)
T0A20 001:526 JLINKARM_IsHalted()  returns FALSE (0001ms, 0781ms total)
T0A20 001:529 JLINKARM_IsHalted()  returns FALSE (0001ms, 0781ms total)
T0A20 001:532 JLINKARM_IsHalted()  returns FALSE (0001ms, 0781ms total)
T0A20 001:534 JLINKARM_IsHalted()  returns FALSE (0001ms, 0781ms total)
T0A20 001:537 JLINKARM_IsHalted()  returns FALSE (0001ms, 0781ms total)
T0A20 001:540 JLINKARM_IsHalted()  returns FALSE (0001ms, 0781ms total)
T0A20 001:543 JLINKARM_IsHalted()  returns FALSE (0001ms, 0781ms total)
T0A20 001:546 JLINKARM_IsHalted()  returns FALSE (0001ms, 0781ms total)
T0A20 001:549 JLINKARM_IsHalted()  returns FALSE (0000ms, 0781ms total)
T0A20 001:551 JLINKARM_IsHalted()  returns FALSE (0000ms, 0781ms total)
T0A20 001:553 JLINKARM_IsHalted()  returns FALSE (0000ms, 0781ms total)
T0A20 001:555 JLINKARM_IsHalted()  returns FALSE (0000ms, 0781ms total)
T0A20 001:557 JLINKARM_IsHalted()  returns FALSE (0000ms, 0781ms total)
T0A20 001:559 JLINKARM_IsHalted()  returns FALSE (0000ms, 0781ms total)
T0A20 001:561 JLINKARM_IsHalted()  returns FALSE (0000ms, 0781ms total)
T0A20 001:563 JLINKARM_IsHalted()  returns FALSE (0000ms, 0781ms total)
T0A20 001:565 JLINKARM_IsHalted()  returns FALSE (0001ms, 0781ms total)
T0A20 001:568 JLINKARM_IsHalted()  returns FALSE (0001ms, 0781ms total)
T0A20 001:571 JLINKARM_IsHalted()  returns FALSE (0001ms, 0781ms total)
T0A20 001:574 JLINKARM_IsHalted()  returns FALSE (0001ms, 0781ms total)
T0A20 001:576 JLINKARM_IsHalted()  returns FALSE (0001ms, 0781ms total)
T0A20 001:579 JLINKARM_IsHalted()  returns FALSE (0001ms, 0781ms total)
T0A20 001:582 JLINKARM_IsHalted()  returns FALSE (0001ms, 0781ms total)
T0A20 001:585 JLINKARM_IsHalted()  returns FALSE (0000ms, 0781ms total)
T0A20 001:587 JLINKARM_IsHalted()  returns FALSE (0001ms, 0781ms total)
T0A20 001:590 JLINKARM_IsHalted()  returns FALSE (0001ms, 0781ms total)
T0A20 001:593 JLINKARM_IsHalted()  returns FALSE (0000ms, 0781ms total)
T0A20 001:595 JLINKARM_IsHalted()  returns FALSE (0000ms, 0781ms total)
T0A20 001:597 JLINKARM_IsHalted()  returns FALSE (0000ms, 0781ms total)
T0A20 001:599 JLINKARM_IsHalted()  returns FALSE (0000ms, 0781ms total)
T0A20 001:601 JLINKARM_IsHalted()  returns FALSE (0000ms, 0781ms total)
T0A20 001:603 JLINKARM_IsHalted()  returns FALSE (0000ms, 0781ms total)
T0A20 001:605 JLINKARM_IsHalted()  returns FALSE (0000ms, 0781ms total)
T0A20 001:607 JLINKARM_IsHalted()  returns FALSE (0001ms, 0781ms total)
T0A20 001:610 JLINKARM_IsHalted()  returns FALSE (0001ms, 0781ms total)
T0A20 001:613 JLINKARM_IsHalted()  returns FALSE (0001ms, 0781ms total)
T0A20 001:616 JLINKARM_IsHalted()  returns FALSE (0001ms, 0781ms total)
T0A20 001:618 JLINKARM_IsHalted()  returns FALSE (0001ms, 0781ms total)
T0A20 001:621 JLINKARM_IsHalted()  returns FALSE (0001ms, 0781ms total)
T0A20 001:624 JLINKARM_IsHalted()  returns FALSE (0001ms, 0781ms total)
T0A20 001:627 JLINKARM_IsHalted()  returns FALSE (0001ms, 0781ms total)
T0A20 001:630 JLINKARM_IsHalted()  returns FALSE (0001ms, 0781ms total)
T0A20 001:633 JLINKARM_IsHalted()  returns FALSE (0000ms, 0781ms total)
T0A20 001:635 JLINKARM_IsHalted()  returns FALSE (0000ms, 0781ms total)
T0A20 001:637 JLINKARM_IsHalted()  returns FALSE (0000ms, 0781ms total)
T0A20 001:639 JLINKARM_IsHalted()  returns FALSE (0000ms, 0781ms total)
T0A20 001:641 JLINKARM_IsHalted()  returns FALSE (0000ms, 0781ms total)
T0A20 001:643 JLINKARM_IsHalted()  returns FALSE (0000ms, 0781ms total)
T0A20 001:645 JLINKARM_IsHalted()  returns FALSE (0000ms, 0781ms total)
T0A20 001:647 JLINKARM_IsHalted()  returns FALSE (0000ms, 0781ms total)
T0A20 001:650 JLINKARM_IsHalted()  returns FALSE (0001ms, 0781ms total)
T0A20 001:653 JLINKARM_IsHalted()  returns FALSE (0001ms, 0781ms total)
T0A20 001:656 JLINKARM_IsHalted()  returns FALSE (0001ms, 0781ms total)
T0A20 001:659 JLINKARM_IsHalted()  returns FALSE (0000ms, 0781ms total)
T0A20 001:661 JLINKARM_IsHalted()  returns FALSE (0001ms, 0781ms total)
T0A20 001:664 JLINKARM_IsHalted()  returns FALSE (0001ms, 0781ms total)
T0A20 001:667 JLINKARM_IsHalted()  returns FALSE (0001ms, 0781ms total)
T0A20 001:670 JLINKARM_IsHalted()  returns FALSE (0001ms, 0781ms total)
T0A20 001:673 JLINKARM_IsHalted()  returns FALSE (0000ms, 0781ms total)
T0A20 001:675 JLINKARM_IsHalted()  returns FALSE (0000ms, 0781ms total)
T0A20 001:677 JLINKARM_IsHalted()  returns FALSE (0000ms, 0781ms total)
T0A20 001:679 JLINKARM_IsHalted()  returns FALSE (0000ms, 0781ms total)
T0A20 001:681 JLINKARM_IsHalted()  returns FALSE (0000ms, 0781ms total)
T0A20 001:683 JLINKARM_IsHalted()  returns FALSE (0000ms, 0781ms total)
T0A20 001:685 JLINKARM_IsHalted()  returns FALSE (0000ms, 0781ms total)
T0A20 001:687 JLINKARM_IsHalted()  returns FALSE (0000ms, 0781ms total)
T0A20 001:689 JLINKARM_IsHalted()  returns FALSE (0000ms, 0781ms total)
T0A20 001:692 JLINKARM_IsHalted()  returns FALSE (0001ms, 0781ms total)
T0A20 001:695 JLINKARM_IsHalted()  returns FALSE (0001ms, 0781ms total)
T0A20 001:698 JLINKARM_IsHalted()  returns FALSE (0001ms, 0781ms total)
T0A20 001:700 JLINKARM_IsHalted()  returns FALSE (0001ms, 0781ms total)
T0A20 001:703 JLINKARM_IsHalted()  returns FALSE (0001ms, 0781ms total)
T0A20 001:706 JLINKARM_IsHalted() -- CPU_ReadMem(2 bytes @ 0x20000250)  returns TRUE (0010ms, 0781ms total)
T0A20 001:716 JLINKARM_ReadMemU32(0xE000EDFC, 0x0001 Items, ...) -- CPU_ReadMem(4 bytes @ 0xE000EDFC) -- Data:  00 00 00 01  returns 0x01 (0002ms, 0781ms total)
T0A20 001:718 JLINKARM_WriteMem(0xE000EDFC, 0x0004 Bytes, ...) -- Data:  00 00 00 01 -- CPU_WriteMem(4 bytes @ 0xE000EDFC)  returns 0x04 (0001ms, 0783ms total)
T0A20 001:719 JLINKARM_WriteVectorCatch(0x00000000) >0x35 TIF> >0xD0 TIF> >0x16D TIF>  returns 0x00 (0007ms, 0784ms total)
T0A20 001:726 JLINKARM_WriteMem(0xE0001028, 0x0004 Bytes, ...) -- Data:  00 00 00 00 -- CPU_WriteMem(4 bytes @ 0xE0001028)  returns 0x04 (0001ms, 0791ms total)
T0A20 001:727 JLINKARM_WriteMem(0xE0001038, 0x0004 Bytes, ...) -- Data:  00 00 00 00 -- CPU_WriteMem(4 bytes @ 0xE0001038)  returns 0x04 (0001ms, 0792ms total)
T0A20 001:728 JLINKARM_WriteMem(0xE0001048, 0x0004 Bytes, ...) -- Data:  00 00 00 00 -- CPU_WriteMem(4 bytes @ 0xE0001048)  returns 0x04 (0001ms, 0793ms total)
T0A20 001:729 JLINKARM_WriteMem(0xE0001058, 0x0004 Bytes, ...) -- Data:  00 00 00 00 -- CPU_WriteMem(4 bytes @ 0xE0001058)  returns 0x04 (0001ms, 0794ms total)
T0A20 001:731 JLINKARM_ReadReg(R15)  returns 0x20000250 (0000ms, 0795ms total)
T0A20 001:731 JLINKARM_ReadMemU16(0x20000250, 0x0001 Items, ...) -- Merging existing BP[0]: 0xE7FE @ 0x20000250 -- Merging existing BP[0]: 0xE7FE @ 0x20000250 -- Data:  FE E7  returns 0x01 (0000ms, 0795ms total)
T0A20 001:731 JLINKARM_ReadMemU32(0x20001E10, 0x0005 Items, ...) -- CPU_ReadMem(20 bytes @ 0x20001E10) -- Data:  00 00 00 00 00 00 00 00 00 00 00 00 00 03 00 20 ...  returns 0x05 (0002ms, 0795ms total)
T0A20 001:733 JLINKARM_BeginDownload(Flags = 0x01) (0000ms, 0797ms total)
T0A20 001:733 JLINKARM_WriteMem(0x20000300, 0x1A00 Bytes, ...) -- Data:  00 04 00 20 09 1D 00 00 CB 1D 00 00 CF 1D 00 00 ... -- CPU_WriteMem(6656 bytes @ 0x20000300)  returns 0x1A00 (0080ms, 0797ms total)
T0A20 001:814 JLINKARM_EndDownload() (0000ms, 0878ms total)
T0A20 001:814 JLINKARM_BeginDownload(Flags = 0x01) (0000ms, 0878ms total)
T0A20 001:814 JLINKARM_WriteMem(0x20001E10, 0x0014 Bytes, ...) -- Data:  00 00 00 00 00 1A 00 00 00 00 00 00 00 03 00 20 ... -- CPU_WriteMem(20 bytes @ 0x20001E10)  returns 0x14 (0002ms, 0878ms total)
T0A20 001:816 JLINKARM_EndDownload() (0000ms, 0880ms total)
T0A20 001:816 JLINKARM_WriteReg(R15, 0x2000025C)  returns 0x00 (0000ms, 0880ms total)
T0A20 001:816 JLINKARM_ReadReg(R15)  returns 0x2000025C (0000ms, 0880ms total)
T0A20 001:816 JLINKARM_ReadMemU16(0x2000025C, 0x0001 Items, ...) -- CPU_ReadMem(2 bytes @ 0x2000025C) -- Data:  FF F7  returns 0x01 (0003ms, 0880ms total)
T0A20 001:819 JLINKARM_WriteVectorCatch(0x00000000) >0x35 TIF> >0xD0 TIF> >0x16D TIF>  returns 0x00 (0006ms, 0883ms total)
T0A20 001:825 JLINKARM_ReadMemU32(0xE000EDFC, 0x0001 Items, ...) -- CPU_ReadMem(4 bytes @ 0xE000EDFC) -- Data:  00 00 00 01  returns 0x01 (0001ms, 0889ms total)
T0A20 001:826 JLINKARM_WriteMem(0xE000EDFC, 0x0004 Bytes, ...) -- Data:  00 00 00 01 -- CPU_WriteMem(4 bytes @ 0xE000EDFC)  returns 0x04 (0001ms, 0890ms total)
T0A20 001:827 JLINKARM_WriteMem(0xE0001028, 0x0004 Bytes, ...) -- Data:  00 00 00 00 -- CPU_WriteMem(4 bytes @ 0xE0001028)  returns 0x04 (0001ms, 0891ms total)
T0A20 001:828 JLINKARM_WriteMem(0xE0001038, 0x0004 Bytes, ...) -- Data:  00 00 00 00 -- CPU_WriteMem(4 bytes @ 0xE0001038)  returns 0x04 (0001ms, 0892ms total)
T0A20 001:829 JLINKARM_WriteMem(0xE0001048, 0x0004 Bytes, ...) -- Data:  00 00 00 00 -- CPU_WriteMem(4 bytes @ 0xE0001048)  returns 0x04 (0001ms, 0893ms total)
T0A20 001:830 JLINKARM_WriteMem(0xE0001058, 0x0004 Bytes, ...) -- Data:  00 00 00 00 -- CPU_WriteMem(4 bytes @ 0xE0001058)  returns 0x04 (0001ms, 0894ms total)
T0A20 001:831 JLINKARM_Go() -- CPU_WriteMem(4 bytes @ 0xE0002008) -- CPU_WriteMem(4 bytes @ 0xE000200C) -- CPU_WriteMem(4 bytes @ 0xE0002010) -- CPU_WriteMem(4 bytes @ 0xE0002014) -- CPU_WriteMem(4 bytes @ 0xE0002018) -- CPU_WriteMem(4 bytes @ 0xE000201C) (0008ms, 0895ms total)
T0A20 001:841 JLINKARM_IsHalted()  returns FALSE (0000ms, 0903ms total)
T0A20 001:843 JLINKARM_IsHalted()  returns FALSE (0000ms, 0903ms total)
T0A20 001:845 JLINKARM_IsHalted()  returns FALSE (0000ms, 0903ms total)
T0A20 001:847 JLINKARM_IsHalted()  returns FALSE (0000ms, 0903ms total)
T0A20 001:849 JLINKARM_IsHalted()  returns FALSE (0000ms, 0903ms total)
T0A20 001:851 JLINKARM_IsHalted()  returns FALSE (0000ms, 0903ms total)
T0A20 001:853 JLINKARM_IsHalted()  returns FALSE (0000ms, 0903ms total)
T0A20 001:855 JLINKARM_IsHalted()  returns FALSE (0001ms, 0903ms total)
T0A20 001:858 JLINKARM_IsHalted()  returns FALSE (0001ms, 0903ms total)
T0A20 001:861 JLINKARM_IsHalted()  returns FALSE (0001ms, 0903ms total)
T0A20 001:864 JLINKARM_IsHalted()  returns FALSE (0001ms, 0903ms total)
T0A20 001:867 JLINKARM_IsHalted()  returns FALSE (0000ms, 0903ms total)
T0A20 001:869 JLINKARM_IsHalted()  returns FALSE (0001ms, 0903ms total)
T0A20 001:872 JLINKARM_IsHalted()  returns FALSE (0001ms, 0903ms total)
T0A20 001:875 JLINKARM_IsHalted()  returns FALSE (0001ms, 0903ms total)
T0A20 001:878 JLINKARM_IsHalted()  returns FALSE (0001ms, 0903ms total)
T0A20 001:881 JLINKARM_IsHalted()  returns FALSE (0000ms, 0903ms total)
T0A20 001:883 JLINKARM_IsHalted()  returns FALSE (0000ms, 0903ms total)
T0A20 001:885 JLINKARM_IsHalted()  returns FALSE (0000ms, 0903ms total)
T0A20 001:887 JLINKARM_IsHalted()  returns FALSE (0000ms, 0903ms total)
T0A20 001:889 JLINKARM_IsHalted()  returns FALSE (0000ms, 0903ms total)
T0A20 001:891 JLINKARM_IsHalted()  returns FALSE (0000ms, 0903ms total)
T0A20 001:893 JLINKARM_IsHalted()  returns FALSE (0000ms, 0903ms total)
T0A20 001:895 JLINKARM_IsHalted()  returns FALSE (0000ms, 0903ms total)
T0A20 001:897 JLINKARM_IsHalted()  returns FALSE (0001ms, 0903ms total)
T0A20 001:900 JLINKARM_IsHalted()  returns FALSE (0001ms, 0903ms total)
T0A20 001:903 JLINKARM_IsHalted()  returns FALSE (0001ms, 0903ms total)
T0A20 001:906 JLINKARM_IsHalted()  returns FALSE (0001ms, 0903ms total)
T0A20 001:909 JLINKARM_IsHalted()  returns FALSE (0000ms, 0903ms total)
T0A20 001:911 JLINKARM_IsHalted()  returns FALSE (0001ms, 0903ms total)
T0A20 001:914 JLINKARM_IsHalted()  returns FALSE (0001ms, 0903ms total)
T0A20 001:917 JLINKARM_IsHalted()  returns FALSE (0001ms, 0903ms total)
T0A20 001:920 JLINKARM_IsHalted()  returns FALSE (0001ms, 0903ms total)
T0A20 001:923 JLINKARM_IsHalted()  returns FALSE (0000ms, 0903ms total)
T0A20 001:925 JLINKARM_IsHalted()  returns FALSE (0000ms, 0903ms total)
T0A20 001:927 JLINKARM_IsHalted()  returns FALSE (0000ms, 0903ms total)
T0A20 001:929 JLINKARM_IsHalted()  returns FALSE (0000ms, 0903ms total)
T0A20 001:931 JLINKARM_IsHalted()  returns FALSE (0000ms, 0903ms total)
T0A20 001:933 JLINKARM_IsHalted()  returns FALSE (0000ms, 0903ms total)
T0A20 001:935 JLINKARM_IsHalted()  returns FALSE (0000ms, 0903ms total)
T0A20 001:937 JLINKARM_IsHalted() -- CPU_ReadMem(2 bytes @ 0x20000250)  returns TRUE (0010ms, 0903ms total)
T0A20 001:947 JLINKARM_ReadMemU32(0xE000EDFC, 0x0001 Items, ...) -- CPU_ReadMem(4 bytes @ 0xE000EDFC) -- Data:  00 00 00 01  returns 0x01 (0002ms, 0903ms total)
T0A20 001:949 JLINKARM_WriteMem(0xE000EDFC, 0x0004 Bytes, ...) -- Data:  00 00 00 01 -- CPU_WriteMem(4 bytes @ 0xE000EDFC)  returns 0x04 (0001ms, 0905ms total)
T0A20 001:950 JLINKARM_WriteVectorCatch(0x00000000) >0x35 TIF> >0xD0 TIF> >0x16D TIF>  returns 0x00 (0006ms, 0906ms total)
T0A20 001:956 JLINKARM_WriteMem(0xE0001028, 0x0004 Bytes, ...) -- Data:  00 00 00 00 -- CPU_WriteMem(4 bytes @ 0xE0001028)  returns 0x04 (0001ms, 0912ms total)
T0A20 001:957 JLINKARM_WriteMem(0xE0001038, 0x0004 Bytes, ...) -- Data:  00 00 00 00 -- CPU_WriteMem(4 bytes @ 0xE0001038)  returns 0x04 (0001ms, 0913ms total)
T0A20 001:958 JLINKARM_WriteMem(0xE0001048, 0x0004 Bytes, ...) -- Data:  00 00 00 00 -- CPU_WriteMem(4 bytes @ 0xE0001048)  returns 0x04 (0001ms, 0914ms total)
T0A20 001:959 JLINKARM_WriteMem(0xE0001058, 0x0004 Bytes, ...) -- Data:  00 00 00 00 -- CPU_WriteMem(4 bytes @ 0xE0001058)  returns 0x04 (0001ms, 0915ms total)
T0A20 001:960 JLINKARM_ReadReg(R15)  returns 0x20000250 (0000ms, 0916ms total)
T0A20 001:960 JLINKARM_ReadMemU16(0x20000250, 0x0001 Items, ...) -- Merging existing BP[0]: 0xE7FE @ 0x20000250 -- Merging existing BP[0]: 0xE7FE @ 0x20000250 -- Data:  FE E7  returns 0x01 (0000ms, 0916ms total)
T0A20 001:960 JLINKARM_ReadMemU32(0x20001E10, 0x0005 Items, ...) -- CPU_ReadMem(20 bytes @ 0x20001E10) -- Data:  00 00 00 00 00 00 00 00 00 00 00 00 00 03 00 20 ...  returns 0x05 (0002ms, 0916ms total)
T0A20 001:962 JLINKARM_BeginDownload(Flags = 0x01) (0000ms, 0918ms total)
T0A20 001:962 JLINKARM_WriteMem(0x20000300, 0x0028 Bytes, ...) -- Data:  00 1A 00 00 00 02 00 00 00 1C 00 00 00 02 00 00 ... -- CPU_WriteMem(40 bytes @ 0x20000300)  returns 0x28 (0001ms, 0918ms total)
T0A20 001:963 JLINKARM_EndDownload() (0000ms, 0919ms total)
T0A20 001:963 JLINKARM_BeginDownload(Flags = 0x01) (0000ms, 0919ms total)
T0A20 001:963 JLINKARM_WriteMem(0x20001E10, 0x0014 Bytes, ...) -- Data:  00 00 00 00 05 00 00 00 00 00 00 00 00 03 00 20 ... -- CPU_WriteMem(20 bytes @ 0x20001E10)  returns 0x14 (0002ms, 0919ms total)
T0A20 001:965 JLINKARM_EndDownload() (0000ms, 0921ms total)
T0A20 001:965 JLINKARM_WriteReg(R15, 0x20000264)  returns 0x00 (0000ms, 0921ms total)
T0A20 001:965 JLINKARM_ReadReg(R15)  returns 0x20000264 (0000ms, 0921ms total)
T0A20 001:965 JLINKARM_ReadMemU16(0x20000264, 0x0001 Items, ...) -- CPU_ReadMem(2 bytes @ 0x20000264) -- Data:  FF F7  returns 0x01 (0003ms, 0921ms total)
T0A20 001:968 JLINKARM_WriteVectorCatch(0x00000000) >0x35 TIF> >0xD0 TIF> >0x16D TIF>  returns 0x00 (0006ms, 0924ms total)
T0A20 001:974 JLINKARM_ReadMemU32(0xE000EDFC, 0x0001 Items, ...) -- CPU_ReadMem(4 bytes @ 0xE000EDFC) -- Data:  00 00 00 01  returns 0x01 (0002ms, 0930ms total)
T0A20 001:976 JLINKARM_WriteMem(0xE000EDFC, 0x0004 Bytes, ...) -- Data:  00 00 00 01 -- CPU_WriteMem(4 bytes @ 0xE000EDFC)  returns 0x04 (0001ms, 0932ms total)
T0A20 001:977 JLINKARM_WriteMem(0xE0001028, 0x0004 Bytes, ...) -- Data:  00 00 00 00 -- CPU_WriteMem(4 bytes @ 0xE0001028)  returns 0x04 (0001ms, 0933ms total)
T0A20 001:978 JLINKARM_WriteMem(0xE0001038, 0x0004 Bytes, ...) -- Data:  00 00 00 00 -- CPU_WriteMem(4 bytes @ 0xE0001038)  returns 0x04 (0001ms, 0934ms total)
T0A20 001:979 JLINKARM_WriteMem(0xE0001048, 0x0004 Bytes, ...) -- Data:  00 00 00 00 -- CPU_WriteMem(4 bytes @ 0xE0001048)  returns 0x04 (0001ms, 0935ms total)
T0A20 001:981 JLINKARM_WriteMem(0xE0001058, 0x0004 Bytes, ...) -- Data:  00 00 00 00 -- CPU_WriteMem(4 bytes @ 0xE0001058)  returns 0x04 (0001ms, 0937ms total)
T0A20 001:982 JLINKARM_Go() -- CPU_WriteMem(4 bytes @ 0xE0002008) -- CPU_WriteMem(4 bytes @ 0xE000200C) -- CPU_WriteMem(4 bytes @ 0xE0002010) -- CPU_WriteMem(4 bytes @ 0xE0002014) -- CPU_WriteMem(4 bytes @ 0xE0002018) -- CPU_WriteMem(4 bytes @ 0xE000201C) (0008ms, 0938ms total)
T0A20 001:992 JLINKARM_IsHalted()  returns FALSE (0000ms, 0946ms total)
T0A20 001:994 JLINKARM_IsHalted()  returns FALSE (0001ms, 0946ms total)
T0A20 001:997 JLINKARM_IsHalted()  returns FALSE (0001ms, 0946ms total)
T0A20 002:000 JLINKARM_IsHalted()  returns FALSE (0001ms, 0946ms total)
T0A20 002:003 JLINKARM_IsHalted()  returns FALSE (0000ms, 0946ms total)
T0A20 002:005 JLINKARM_IsHalted()  returns FALSE (0000ms, 0946ms total)
T0A20 002:007 JLINKARM_IsHalted()  returns FALSE (0000ms, 0946ms total)
T0A20 002:009 JLINKARM_IsHalted()  returns FALSE (0000ms, 0946ms total)
T0A20 002:011 JLINKARM_IsHalted()  returns FALSE (0000ms, 0946ms total)
T0A20 002:013 JLINKARM_IsHalted()  returns FALSE (0000ms, 0946ms total)
T0A20 002:015 JLINKARM_IsHalted()  returns FALSE (0000ms, 0946ms total)
T0A20 002:017 JLINKARM_IsHalted()  returns FALSE (0000ms, 0946ms total)
T0A20 002:019 JLINKARM_IsHalted()  returns FALSE (0000ms, 0946ms total)
T0A20 002:021 JLINKARM_IsHalted()  returns FALSE (0000ms, 0946ms total)
T0A20 002:023 JLINKARM_IsHalted()  returns FALSE (0001ms, 0946ms total)
T0A20 002:027 JLINKARM_IsHalted()  returns FALSE (0001ms, 0946ms total)
T0A20 002:030 JLINKARM_IsHalted()  returns FALSE (0001ms, 0947ms total)
T0A20 002:033 JLINKARM_IsHalted()  returns FALSE (0001ms, 0947ms total)
T0A20 002:035 JLINKARM_IsHalted()  returns FALSE (0001ms, 0947ms total)
T0A20 002:038 JLINKARM_IsHalted()  returns FALSE (0001ms, 0947ms total)
T0A20 002:041 JLINKARM_IsHalted()  returns FALSE (0001ms, 0947ms total)
T0A20 002:044 JLINKARM_IsHalted()  returns FALSE (0001ms, 0947ms total)
T0A20 002:047 JLINKARM_IsHalted()  returns FALSE (0000ms, 0947ms total)
T0A20 002:049 JLINKARM_IsHalted()  returns FALSE (0000ms, 0947ms total)
T0A20 002:051 JLINKARM_IsHalted()  returns FALSE (0000ms, 0947ms total)
T0A20 002:055 JLINKARM_IsHalted()  returns FALSE (0000ms, 0947ms total)
T0A20 002:057 JLINKARM_IsHalted()  returns FALSE (0000ms, 0947ms total)
T0A20 002:059 JLINKARM_IsHalted()  returns FALSE (0000ms, 0947ms total)
T0A20 002:061 JLINKARM_IsHalted()  returns FALSE (0000ms, 0947ms total)
T0A20 002:063 JLINKARM_IsHalted()  returns FALSE (0001ms, 0947ms total)
T0A20 002:066 JLINKARM_IsHalted()  returns FALSE (0001ms, 0947ms total)
T0A20 002:069 JLINKARM_IsHalted()  returns FALSE (0001ms, 0947ms total)
T0A20 002:072 JLINKARM_IsHalted()  returns FALSE (0001ms, 0947ms total)
T0A20 002:075 JLINKARM_IsHalted()  returns FALSE (0000ms, 0947ms total)
T0A20 002:077 JLINKARM_IsHalted()  returns FALSE (0001ms, 0947ms total)
T0A20 002:080 JLINKARM_IsHalted()  returns FALSE (0001ms, 0947ms total)
T0A20 002:083 JLINKARM_IsHalted()  returns FALSE (0000ms, 0947ms total)
T0A20 002:085 JLINKARM_IsHalted()  returns FALSE (0001ms, 0947ms total)
T0A20 002:088 JLINKARM_IsHalted()  returns FALSE (0001ms, 0947ms total)
T0A20 002:091 JLINKARM_IsHalted()  returns FALSE (0000ms, 0947ms total)
T0A20 002:093 JLINKARM_IsHalted()  returns FALSE (0000ms, 0947ms total)
T0A20 002:095 JLINKARM_IsHalted()  returns FALSE (0000ms, 0947ms total)
T0A20 002:097 JLINKARM_IsHalted()  returns FALSE (0000ms, 0947ms total)
T0A20 002:099 JLINKARM_IsHalted() -- CPU_ReadMem(2 bytes @ 0x20000250)  returns TRUE (0010ms, 0947ms total)
T0A20 002:109 JLINKARM_ReadMemU32(0xE000EDFC, 0x0001 Items, ...) -- CPU_ReadMem(4 bytes @ 0xE000EDFC) -- Data:  00 00 00 01  returns 0x01 (0002ms, 0947ms total)
T0A20 002:111 JLINKARM_WriteMem(0xE000EDFC, 0x0004 Bytes, ...) -- Data:  00 00 00 01 -- CPU_WriteMem(4 bytes @ 0xE000EDFC)  returns 0x04 (0001ms, 0949ms total)
T0A20 002:112 JLINKARM_WriteVectorCatch(0x00000000) >0x35 TIF> >0xD0 TIF> >0x16D TIF>  returns 0x00 (0006ms, 0950ms total)
T0A20 002:118 JLINKARM_WriteMem(0xE0001028, 0x0004 Bytes, ...) -- Data:  00 00 00 00 -- CPU_WriteMem(4 bytes @ 0xE0001028)  returns 0x04 (0001ms, 0956ms total)
T0A20 002:119 JLINKARM_WriteMem(0xE0001038, 0x0004 Bytes, ...) -- Data:  00 00 00 00 -- CPU_WriteMem(4 bytes @ 0xE0001038)  returns 0x04 (0001ms, 0957ms total)
T0A20 002:120 JLINKARM_WriteMem(0xE0001048, 0x0004 Bytes, ...) -- Data:  00 00 00 00 -- CPU_WriteMem(4 bytes @ 0xE0001048)  returns 0x04 (0001ms, 0958ms total)
T0A20 002:121 JLINKARM_WriteMem(0xE0001058, 0x0004 Bytes, ...) -- Data:  00 00 00 00 -- CPU_WriteMem(4 bytes @ 0xE0001058)  returns 0x04 (0001ms, 0959ms total)
T0A20 002:122 JLINKARM_ReadReg(R15)  returns 0x20000250 (0000ms, 0960ms total)
T0A20 002:122 JLINKARM_ReadMemU16(0x20000250, 0x0001 Items, ...) -- Merging existing BP[0]: 0xE7FE @ 0x20000250 -- Merging existing BP[0]: 0xE7FE @ 0x20000250 -- Data:  FE E7  returns 0x01 (0000ms, 0960ms total)
T0A20 002:122 JLINKARM_ReadMemU32(0x20001E10, 0x0005 Items, ...) -- CPU_ReadMem(20 bytes @ 0x20001E10) -- Data:  00 00 00 00 00 00 00 00 00 00 00 00 00 03 00 20 ...  returns 0x05 (0002ms, 0960ms total)
T0A20 002:124 JLINKARM_BeginDownload(Flags = 0x01) (0000ms, 0962ms total)
T0A20 002:124 JLINKARM_WriteMem(0x20000300, 0x0928 Bytes, ...) -- Data:  01 3B 52 1E 00 F8 01 3B 03 B1 F8 D1 11 00 1C BF ... -- CPU_WriteMem(2344 bytes @ 0x20000300)  returns 0x928 (0030ms, 0962ms total)
T0A20 002:154 JLINKARM_EndDownload() (0000ms, 0992ms total)
T0A20 002:154 JLINKARM_BeginDownload(Flags = 0x01) (0000ms, 0992ms total)
T0A20 002:154 JLINKARM_WriteMem(0x20001E10, 0x0014 Bytes, ...) -- Data:  00 1A 00 00 28 09 00 00 00 00 00 00 00 03 00 20 ... -- CPU_WriteMem(20 bytes @ 0x20001E10)  returns 0x14 (0001ms, 0992ms total)
T0A20 002:155 JLINKARM_EndDownload() (0000ms, 0993ms total)
T0A20 002:155 JLINKARM_WriteReg(R15, 0x2000025C)  returns 0x00 (0000ms, 0993ms total)
T0A20 002:155 JLINKARM_ReadReg(R15)  returns 0x2000025C (0000ms, 0993ms total)
T0A20 002:155 JLINKARM_ReadMemU16(0x2000025C, 0x0001 Items, ...) -- CPU_ReadMem(2 bytes @ 0x2000025C) -- Data:  FF F7  returns 0x01 (0002ms, 0993ms total)
T0A20 002:157 JLINKARM_WriteVectorCatch(0x00000000) >0x35 TIF> >0xD0 TIF> >0x16D TIF>  returns 0x00 (0005ms, 0995ms total)
T0A20 002:162 JLINKARM_ReadMemU32(0xE000EDFC, 0x0001 Items, ...) -- CPU_ReadMem(4 bytes @ 0xE000EDFC) -- Data:  00 00 00 01  returns 0x01 (0002ms, 1000ms total)
T0A20 002:164 JLINKARM_WriteMem(0xE000EDFC, 0x0004 Bytes, ...) -- Data:  00 00 00 01 -- CPU_WriteMem(4 bytes @ 0xE000EDFC)  returns 0x04 (0001ms, 1002ms total)
T0A20 002:165 JLINKARM_WriteMem(0xE0001028, 0x0004 Bytes, ...) -- Data:  00 00 00 00 -- CPU_WriteMem(4 bytes @ 0xE0001028)  returns 0x04 (0001ms, 1003ms total)
T0A20 002:166 JLINKARM_WriteMem(0xE0001038, 0x0004 Bytes, ...) -- Data:  00 00 00 00 -- CPU_WriteMem(4 bytes @ 0xE0001038)  returns 0x04 (0001ms, 1004ms total)
T0A20 002:167 JLINKARM_WriteMem(0xE0001048, 0x0004 Bytes, ...) -- Data:  00 00 00 00 -- CPU_WriteMem(4 bytes @ 0xE0001048)  returns 0x04 (0001ms, 1005ms total)
T0A20 002:168 JLINKARM_WriteMem(0xE0001058, 0x0004 Bytes, ...) -- Data:  00 00 00 00 -- CPU_WriteMem(4 bytes @ 0xE0001058)  returns 0x04 (0001ms, 1006ms total)
T0A20 002:169 JLINKARM_Go() -- CPU_WriteMem(4 bytes @ 0xE0002008) -- CPU_WriteMem(4 bytes @ 0xE000200C) -- CPU_WriteMem(4 bytes @ 0xE0002010) -- CPU_WriteMem(4 bytes @ 0xE0002014) -- CPU_WriteMem(4 bytes @ 0xE0002018) -- CPU_WriteMem(4 bytes @ 0xE000201C) (0009ms, 1007ms total)
T0A20 002:180 JLINKARM_IsHalted()  returns FALSE (0001ms, 1016ms total)
T0A20 002:183 JLINKARM_IsHalted()  returns FALSE (0000ms, 1016ms total)
T0A20 002:185 JLINKARM_IsHalted()  returns FALSE (0000ms, 1016ms total)
T0A20 002:187 JLINKARM_IsHalted()  returns FALSE (0000ms, 1016ms total)
T0A20 002:189 JLINKARM_IsHalted()  returns FALSE (0001ms, 1016ms total)
T0A20 002:192 JLINKARM_IsHalted()  returns FALSE (0001ms, 1016ms total)
T0A20 002:195 JLINKARM_IsHalted()  returns FALSE (0001ms, 1016ms total)
T0A20 002:198 JLINKARM_IsHalted()  returns FALSE (0001ms, 1016ms total)
T0A20 002:200 JLINKARM_IsHalted()  returns FALSE (0001ms, 1016ms total)
T0A20 002:203 JLINKARM_IsHalted()  returns FALSE (0001ms, 1016ms total)
T0A20 002:206 JLINKARM_IsHalted()  returns FALSE (0001ms, 1016ms total)
T0A20 002:209 JLINKARM_IsHalted()  returns FALSE (0001ms, 1016ms total)
T0A20 002:212 JLINKARM_IsHalted() -- CPU_ReadMem(2 bytes @ 0x20000250)  returns TRUE (0010ms, 1016ms total)
T0A20 002:222 JLINKARM_ReadMemU32(0xE000EDFC, 0x0001 Items, ...) -- CPU_ReadMem(4 bytes @ 0xE000EDFC) -- Data:  00 00 00 01  returns 0x01 (0002ms, 1016ms total)
T0A20 002:224 JLINKARM_WriteMem(0xE000EDFC, 0x0004 Bytes, ...) -- Data:  00 00 00 01 -- CPU_WriteMem(4 bytes @ 0xE000EDFC)  returns 0x04 (0001ms, 1018ms total)
T0A20 002:225 JLINKARM_WriteVectorCatch(0x00000000) >0x35 TIF> >0xD0 TIF> >0x16D TIF>  returns 0x00 (0008ms, 1019ms total)
T0A20 002:233 JLINKARM_WriteMem(0xE0001028, 0x0004 Bytes, ...) -- Data:  00 00 00 00 -- CPU_WriteMem(4 bytes @ 0xE0001028)  returns 0x04 (0001ms, 1027ms total)
T0A20 002:234 JLINKARM_WriteMem(0xE0001038, 0x0004 Bytes, ...) -- Data:  00 00 00 00 -- CPU_WriteMem(4 bytes @ 0xE0001038)  returns 0x04 (0001ms, 1028ms total)
T0A20 002:235 JLINKARM_WriteMem(0xE0001048, 0x0004 Bytes, ...) -- Data:  00 00 00 00 -- CPU_WriteMem(4 bytes @ 0xE0001048)  returns 0x04 (0001ms, 1029ms total)
T0A20 002:236 JLINKARM_WriteMem(0xE0001058, 0x0004 Bytes, ...) -- Data:  00 00 00 00 -- CPU_WriteMem(4 bytes @ 0xE0001058)  returns 0x04 (0002ms, 1030ms total)
T0A20 002:238 JLINKARM_ReadReg(R15)  returns 0x20000250 (0000ms, 1032ms total)
T0A20 002:238 JLINKARM_ReadMemU16(0x20000250, 0x0001 Items, ...) -- Merging existing BP[0]: 0xE7FE @ 0x20000250 -- Merging existing BP[0]: 0xE7FE @ 0x20000250 -- Data:  FE E7  returns 0x01 (0000ms, 1032ms total)
T0A20 002:238 JLINKARM_ReadMemU32(0x20001E10, 0x0005 Items, ...) -- CPU_ReadMem(20 bytes @ 0x20001E10) -- Data:  00 1A 00 00 00 00 00 00 00 00 00 00 00 03 00 20 ...  returns 0x05 (0003ms, 1032ms total)
T0134 002:243 JLINKARM_ClrBPEx(BPHandle = 0x00000001)  returns 0x00 (0000ms, 1035ms total)
T0134 002:243 JLINKARM_WriteVectorCatch(0x00000000) >0x35 TIF> >0xD0 TIF> >0x16D TIF>  returns 0x00 (0007ms, 1035ms total)
T0134 002:253 JLINKARM_SetResetDelay(0) (0000ms, 1042ms total)
T0134 002:253 JLINKARM_ResetPullsRESET(ON) (0000ms, 1042ms total)
T0134 002:253 JLINKARM_Reset() >0x108 TIF>Found SWD-DP with ID 0x2BA01477 >0x33 TIF> >0x33 TIF> >0x35 TIF> >0x33 TIF> >0x35 TIF> >0x33 TIF> >0x33 TIF> >0x35 TIF> >0x66 TIF> >0x66 TIF> >0x35 TIF> >0x16D TIF> >0xD0 TIF> >0xD0 TIF>TPIU fitted. >0xD0 TIF> >0xD0 TIF>  FPUnit: 6 code (BP) slots and 2 literal slots >0xD0 TIF> (0056ms, 1042ms total)
T0134 002:310 JLINKARM_ReadReg(R15)  returns 0x00001D08 (0000ms, 1098ms total)
T0134 002:310 JLINKARM_WriteReg(R15, 0x20000254)  returns 0x00 (0000ms, 1098ms total)
T0134 002:310 JLINKARM_ReadReg(MSP)  returns 0x20000400 (0000ms, 1098ms total)
T0134 002:310 JLINKARM_ReadReg(PSP)  returns 0x00000000 (0000ms, 1098ms total)
T0134 002:310 JLINKARM_ReadReg(CFBP)  returns 0x00000000 (0001ms, 1098ms total)
T0134 002:311 JLINKARM_WriteReg(MSP, 0x20002000)  returns 0x00 (0000ms, 1099ms total)
T0134 002:311 JLINKARM_IsHalted()  returns TRUE (0000ms, 1099ms total)
T0134 002:311 JLINKARM_ReadMemU32(0xE000EDFC, 0x0001 Items, ...) -- CPU_ReadMem(4 bytes @ 0xE000EDFC) -- Data:  00 00 00 00  returns 0x01 (0002ms, 1099ms total)
T0134 002:314 JLINKARM_WriteMem(0xE000EDFC, 0x0004 Bytes, ...) -- Data:  00 00 00 01 -- CPU_WriteMem(4 bytes @ 0xE000EDFC)  returns 0x04 (0001ms, 1102ms total)
T0134 002:318 JLINKARM_BeginDownload(Flags = 0x03) (0000ms, 1103ms total)
T0134 002:786 JLINKARM_ReadMemU32(0x00000000, 0x0001 Items, ...) -- CPU_ReadMem(4 bytes @ 0x00000000) -- Data:  00 04 00 20  returns 0x01 (0003ms, 1103ms total)
T0134 002:789 JLINKARM_ReadMemU32(0x00000004, 0x0001 Items, ...) -- CPU_ReadMem(4 bytes @ 0x00000004) -- Data:  09 1D 00 00  returns 0x01 (0002ms, 1106ms total)
T0134 002:791 JLINKARM_ResetPullsRESET(OFF) (0000ms, 1108ms total)
T0134 002:791 JLINKARM_Reset() >0x108 TIF>Found SWD-DP with ID 0x2BA01477 >0x33 TIF> >0x33 TIF> >0x35 TIF> >0x33 TIF> >0x35 TIF> >0x33 TIF> >0x33 TIF> >0x35 TIF> >0x66 TIF> >0x66 TIF> >0x35 TIF> >0x16D TIF> >0xD0 TIF> >0xD0 TIF>TPIU fitted. >0xD0 TIF> >0xD0 TIF>  FPUnit: 6 code (BP) slots and 2 literal slots >0xD0 TIF> (0051ms, 1108ms total)
T0134 002:842 JLINKARM_ReadReg(R15)  returns 0x00001D08 (0000ms, 1159ms total)
T0134 002:842 JLINKARM_ReadReg(MSP)  returns 0x20000400 (0000ms, 1159ms total)
T0134 002:842 JLINKARM_ReadReg(PSP)  returns 0x00000000 (0000ms, 1159ms total)
T0134 002:842 JLINKARM_ReadReg(CFBP)  returns 0x00000000 (0000ms, 1159ms total)
T0134 002:842 JLINKARM_IsHalted()  returns TRUE (0001ms, 1159ms total)
T0134 002:843 JLINKARM_ReadMemU32(0xE000EDFC, 0x0001 Items, ...) -- CPU_ReadMem(4 bytes @ 0xE000EDFC) -- Data:  00 00 00 00  returns 0x01 (0002ms, 1159ms total)
T0134 002:845 JLINKARM_WriteMem(0xE000EDFC, 0x0004 Bytes, ...) -- Data:  00 00 00 01 -- CPU_WriteMem(4 bytes @ 0xE000EDFC)  returns 0x04 (0001ms, 1161ms total)
T0134 003:676 JLINKARM_ReadMemU32(0x00000008, 0x0001 Items, ...) -- CPU_ReadMem(4 bytes @ 0x00000008) -- Data:  CB 1D 00 00  returns 0x01 (0003ms, 1162ms total)
T0134 003:679 JLINKARM_ReadMemU32(0x0000000C, 0x0001 Items, ...) -- CPU_ReadMem(4 bytes @ 0x0000000C) -- Data:  CF 1D 00 00  returns 0x01 (0002ms, 1165ms total)
T0134 003:681 JLINKARM_ReadMemU32(0x00000010, 0x0001 Items, ...) -- CPU_ReadMem(4 bytes @ 0x00000010) -- Data:  D3 1D 00 00  returns 0x01 (0002ms, 1167ms total)
T0134 003:683 JLINKARM_ReadMemU32(0x00000014, 0x0001 Items, ...) -- CPU_ReadMem(4 bytes @ 0x00000014) -- Data:  D7 1D 00 00  returns 0x01 (0002ms, 1169ms total)
T0134 003:685 JLINKARM_ReadMemU32(0x00000018, 0x0001 Items, ...) -- CPU_ReadMem(4 bytes @ 0x00000018) -- Data:  DB 1D 00 00  returns 0x01 (0003ms, 1171ms total)
T0134 003:688 JLINKARM_ReadMemU32(0x0000002C, 0x0001 Items, ...) -- CPU_ReadMem(4 bytes @ 0x0000002C) -- Data:  0D 19 00 00  returns 0x01 (0002ms, 1174ms total)
T0134 003:690 JLINKARM_ReadMemU32(0x00000030, 0x0001 Items, ...) -- CPU_ReadMem(4 bytes @ 0x00000030) -- Data:  E3 1D 00 00  returns 0x01 (0002ms, 1176ms total)
T0134 003:692 JLINKARM_ReadMemU32(0x00000038, 0x0001 Items, ...) -- CPU_ReadMem(4 bytes @ 0x00000038) -- Data:  BB 18 00 00  returns 0x01 (0002ms, 1178ms total)
T0134 003:694 JLINKARM_ReadMemU32(0x0000003C, 0x0001 Items, ...) -- CPU_ReadMem(4 bytes @ 0x0000003C) -- Data:  81 16 00 00  returns 0x01 (0002ms, 1180ms total)
T0134 003:697 JLINKARM_ReadReg(R15)  returns 0x00001D08 (0000ms, 1182ms total)
T0134 003:698 JLINKARM_ReadMemU16(0x0000156C, 0x0001 Items, ...) -- CPU_ReadMem(2 bytes @ 0x0000156C) -- Data:  00 B5  returns 0x01 (0002ms, 1182ms total)
T0134 003:700 JLINKARM_SetBPEx(Addr = 0x0000156C, Type = 0xFFFFFFF2)  returns 0x00000002 (0000ms, 1184ms total)
T0134 003:700 JLINKARM_WriteVectorCatch(0x00000000) >0x35 TIF> >0xD0 TIF> >0x16D TIF>  returns 0x00 (0006ms, 1184ms total)
T0A20 004:578 JLINKARM_ReadMemU16(0x00001D08, 0x0001 Items, ...) -- CPU_ReadMem(2 bytes @ 0x00001D08) -- Data:  01 48  returns 0x01 (0003ms, 1190ms total)
T0A20 004:581 JLINKARM_WriteVectorCatch(0x00000000) >0x35 TIF> >0xD0 TIF> >0x16D TIF>  returns 0x00 (0007ms, 1193ms total)
T0A20 004:588 JLINKARM_ReadMemU32(0xE000EDFC, 0x0001 Items, ...) -- CPU_ReadMem(4 bytes @ 0xE000EDFC) -- Data:  00 00 00 01  returns 0x01 (0002ms, 1200ms total)
T0A20 004:590 JLINKARM_WriteMem(0xE000EDFC, 0x0004 Bytes, ...) -- Data:  00 00 00 01 -- CPU_WriteMem(4 bytes @ 0xE000EDFC)  returns 0x04 (0002ms, 1202ms total)
T0A20 004:592 JLINKARM_WriteMem(0xE0001028, 0x0004 Bytes, ...) -- Data:  00 00 00 00 -- CPU_WriteMem(4 bytes @ 0xE0001028)  returns 0x04 (0001ms, 1204ms total)
T0A20 004:593 JLINKARM_WriteMem(0xE0001038, 0x0004 Bytes, ...) -- Data:  00 00 00 00 -- CPU_WriteMem(4 bytes @ 0xE0001038)  returns 0x04 (0001ms, 1205ms total)
T0A20 004:594 JLINKARM_WriteMem(0xE0001048, 0x0004 Bytes, ...) -- Data:  00 00 00 00 -- CPU_WriteMem(4 bytes @ 0xE0001048)  returns 0x04 (0001ms, 1206ms total)
T0A20 004:595 JLINKARM_WriteMem(0xE0001058, 0x0004 Bytes, ...) -- Data:  00 00 00 00 -- CPU_WriteMem(4 bytes @ 0xE0001058)  returns 0x04 (0003ms, 1207ms total)
T0A20 004:598 JLINKARM_SWO_Control(JLINKARM_SWO_CMD_START, ...) -- UART -- 2250000bps
  ***** Error: USB communication timed out: Requested 4 bytes, received 0 bytes !  returns 0x00 (7094ms, 1210ms total)
