Xilinx Platform Studio (XPS)
Xilinx EDK 13.1 Build EDK_O.40d
Copyright (c) 1995-2010 Xilinx, Inc.  All rights reserved.

Generated Block Diagram.
Diagram Controls
Zoom In/Out = ALT + (Mouse + Left Button) or ARROW UP/DOWN.
Pan = SHIFT + (Mouse + Left Button) or ARROW UP/DOWN/LEFT/RIGHT.
Writing filter settings....
Done writing filter settings to:
	C:\E\Dev\FreeRTOS\WorkingCopy\Demo\MicroBlaze_Spartan-6_SP605\etc\system.filters
Done writing Tab View settings to:
	C:\E\Dev\FreeRTOS\WorkingCopy\Demo\MicroBlaze_Spartan-6_SP605\etc\system.gui
Xilinx Platform Studio (XPS)
Xilinx EDK 13.1 Build EDK_O.40d
Copyright (c) 1995-2010 Xilinx, Inc.  All rights reserved.

Generated Block Diagram.
Diagram Controls
Zoom In/Out = ALT + (Mouse + Left Button) or ARROW UP/DOWN.
Pan = SHIFT + (Mouse + Left Button) or ARROW UP/DOWN/LEFT/RIGHT.
ERROR:EDK:1405 - File not found in any repository 'bram_block_v1_00_a/hdl/vhdl/bram_block.vhd'
Save project successfully
Writing filter settings....
Done writing filter settings to:
	C:\E\Dev\FreeRTOS\WorkingCopy\Demo\MicroBlaze_Spartan-6_SP605\etc\system.filters
Done writing Tab View settings to:
	C:\E\Dev\FreeRTOS\WorkingCopy\Demo\MicroBlaze_Spartan-6_SP605\etc\system.gui
